<?xml version="1.0" encoding="UTF-8"?>
<testsuite name="com.example.liquibase.Service2.TaxiServiceTest" tests="1" skipped="0" failures="0" errors="0" timestamp="2023-05-13T09:58:09" hostname="hasan-MacBook-Air.local" time="0.662">
  <properties/>
  <testcase name="getTaxi failed" classname="com.example.liquibase.Service2.TaxiServiceTest" time="0.662"/>
  <system-out><![CDATA[]]></system-out>
  <system-err><![CDATA[]]></system-err>
</testsuite>
